{
  "stats": {
    "suites": 5,
    "tests": 149,
    "passes": 143,
    "pending": 4,
    "failures": 2,
    "testsRegistered": 149,
    "passPercent": 95.97315436241611,
    "pendingPercent": 2.684563758389262,
    "other": 0,
    "hasOther": false,
    "skipped": 0,
    "hasSkipped": false,
    "start": "2023-05-13T18:27:56.560Z",
    "end": "2023-05-14T11:52:23.230Z",
    "duration": 62666670
  },
  "results": [
    {
      "uuid": "de983e63-1f81-4cd2-892b-9cd7c24a0334",
      "title": "",
      "fullFile": "cypress\\e2e\\tests\\max_solution_tasks.spec.js",
      "file": "cypress\\e2e\\tests\\max_solution_tasks.spec.js",
      "beforeHooks": [],
      "afterHooks": [],
      "tests": [],
      "suites": [
        {
          "uuid": "261985ab-5d03-47ce-ba66-2bdf16fd0a3f",
          "title": "Navigate to the page from the title",
          "fullFile": "",
          "file": "",
          "beforeHooks": [],
          "afterHooks": [],
          "tests": [
            {
              "title": "Navigate to Rahul Shetty Academy Automation Practice Page",
              "fullTitle": "Navigate to the page from the title Navigate to Rahul Shetty Academy Automation Practice Page",
              "timedOut": null,
              "duration": 14746,
              "state": "passed",
              "speed": "slow",
              "pass": true,
              "fail": false,
              "pending": false,
              "context": null,
              "code": "cy.navigateTo_RahulShettyAcademy_AutomationPractice();\ncy.url().should(\"include\", \"/AutomationPractice\");\ncy.title().should(\"include\", \"Practice Page\");",
              "err": {},
              "uuid": "ef3d9929-0e1a-4e58-96d6-46fcc2017040",
              "parentUUID": "261985ab-5d03-47ce-ba66-2bdf16fd0a3f",
              "isHook": false,
              "skipped": false
            },
            {
              "title": "Invalid Homepage address",
              "fullTitle": "Navigate to the page from the title Invalid Homepage address",
              "timedOut": null,
              "duration": 4174,
              "state": "passed",
              "speed": "fast",
              "pass": true,
              "fail": false,
              "pending": false,
              "context": null,
              "code": "const invalideWebAddress = \"AutomaaaationPracctice\";\ncy.visit(\"/\" + invalideWebAddress, {\n  failOnStatusCode: false\n});\ncy.get(\".ml-4\").contains(\"Not Found\");\ncy.navigateTo_RahulShettyAcademy_AutomationPractice();",
              "err": {},
              "uuid": "c4278f64-db02-4cc9-8a78-ac3a7a115ab5",
              "parentUUID": "261985ab-5d03-47ce-ba66-2bdf16fd0a3f",
              "isHook": false,
              "skipped": false
            }
          ],
          "suites": [],
          "passes": [
            "ef3d9929-0e1a-4e58-96d6-46fcc2017040",
            "c4278f64-db02-4cc9-8a78-ac3a7a115ab5"
          ],
          "failures": [],
          "pending": [],
          "skipped": [],
          "duration": 18920,
          "root": false,
          "rootEmpty": false,
          "_timeout": 2000
        },
        {
          "uuid": "8ebce0ec-3ed8-445b-aa67-0cc2775903f1",
          "title": "Verify radio buttons",
          "fullFile": "",
          "file": "",
          "beforeHooks": [],
          "afterHooks": [],
          "tests": [
            {
              "title": "Select all radio buttons one by one",
              "fullTitle": "Verify radio buttons Select all radio buttons one by one",
              "timedOut": null,
              "duration": 359,
              "state": "passed",
              "speed": "fast",
              "pass": true,
              "fail": false,
              "pending": false,
              "context": null,
              "code": "cy.get('[class=\"radioButton\"]').each($radio => {\n  // Check and assert each radio button\n  cy.wrap($radio).check().should(\"be.checked\");\n});",
              "err": {},
              "uuid": "bb3558b5-dba9-4330-a58e-68c21b2cfc2c",
              "parentUUID": "8ebce0ec-3ed8-445b-aa67-0cc2775903f1",
              "isHook": false,
              "skipped": false
            },
            {
              "title": "Successful selection of a specific radio button",
              "fullTitle": "Verify radio buttons Successful selection of a specific radio button",
              "timedOut": null,
              "duration": 144,
              "state": "passed",
              "speed": "fast",
              "pass": true,
              "fail": false,
              "pending": false,
              "context": null,
              "code": "cy.get(\"#radio-btn-example\").find(\"[value='radio1']\").check().should(\"be.checked\").and(\"have.value\", \"radio1\");\ncy.get(\"[value='radio2']\").should(\"not.be.checked\");\ncy.get(\"[value='radio3']\").should(\"not.be.checked\");",
              "err": {},
              "uuid": "6b239da7-18a9-4a4b-b754-604180c78428",
              "parentUUID": "8ebce0ec-3ed8-445b-aa67-0cc2775903f1",
              "isHook": false,
              "skipped": false
            },
            {
              "title": "Negative Scenario - Select multiple radio buttons in a group",
              "fullTitle": "Verify radio buttons Negative Scenario - Select multiple radio buttons in a group",
              "timedOut": null,
              "duration": 135,
              "state": "passed",
              "speed": "fast",
              "pass": true,
              "fail": false,
              "pending": false,
              "context": null,
              "code": "cy.get(\".radioButton\").check([\"radio1\", \"radio2\"]);\ncy.get(\"[value='radio1']\").should(\"not.be.checked\");\ncy.get(\"[value='radio2']\").should(\"be.checked\");",
              "err": {},
              "uuid": "8514a533-2fe2-4776-9f5a-b48f0b0dc981",
              "parentUUID": "8ebce0ec-3ed8-445b-aa67-0cc2775903f1",
              "isHook": false,
              "skipped": false
            },
            {
              "title": "Negative Scenario - Select multiple radio buttons in a group - Different aproach ",
              "fullTitle": "Verify radio buttons Negative Scenario - Select multiple radio buttons in a group - Different aproach ",
              "timedOut": null,
              "duration": 246,
              "state": "passed",
              "speed": "fast",
              "pass": true,
              "fail": false,
              "pending": false,
              "context": null,
              "code": "cy.get(\"[value='radio1'\").check();\ncy.get(\"[value='radio2']\").check();\ncy.get(\".radioButton\").filter(\":checked\").should(\"have.length\", 1);",
              "err": {},
              "uuid": "218b7a56-6587-457a-8c41-a0447773775e",
              "parentUUID": "8ebce0ec-3ed8-445b-aa67-0cc2775903f1",
              "isHook": false,
              "skipped": false
            },
            {
              "title": "Negative Scenario - Click on the label for the radio button to select it",
              "fullTitle": "Verify radio buttons Negative Scenario - Click on the label for the radio button to select it",
              "timedOut": null,
              "duration": 117,
              "state": "passed",
              "speed": "fast",
              "pass": true,
              "fail": false,
              "pending": false,
              "context": null,
              "code": "cy.get('[for=\"radio1\"]').click();\ncy.get(\"[value='radio1']\").should(\"not.be.checked\");",
              "err": {},
              "uuid": "fe083206-7970-4b94-9931-e088ec7f4bbf",
              "parentUUID": "8ebce0ec-3ed8-445b-aa67-0cc2775903f1",
              "isHook": false,
              "skipped": false
            }
          ],
          "suites": [],
          "passes": [
            "bb3558b5-dba9-4330-a58e-68c21b2cfc2c",
            "6b239da7-18a9-4a4b-b754-604180c78428",
            "8514a533-2fe2-4776-9f5a-b48f0b0dc981",
            "218b7a56-6587-457a-8c41-a0447773775e",
            "fe083206-7970-4b94-9931-e088ec7f4bbf"
          ],
          "failures": [],
          "pending": [],
          "skipped": [],
          "duration": 1001,
          "root": false,
          "rootEmpty": false,
          "_timeout": 2000
        },
        {
          "uuid": "ab811fd6-cd8b-44a4-97df-b8d78a554883",
          "title": "Verify Suggestion Class Example",
          "fullFile": "",
          "file": "",
          "beforeHooks": [],
          "afterHooks": [],
          "tests": [
            {
              "title": "Select specific country",
              "fullTitle": "Verify Suggestion Class Example Select specific country",
              "timedOut": null,
              "duration": 542,
              "state": "passed",
              "speed": "fast",
              "pass": true,
              "fail": false,
              "pending": false,
              "context": null,
              "code": "cy.get(\"#autocomplete\").type(\"CA\");\ncy.get(\"#ui-id-1 > *\").each(($el, index, $list) => {\n  const country = $el.text();\n  const countryToSelect = \"Cameroon\";\n  if (country === countryToSelect) {\n    $el.click();\n  }\n  cy.get(\"#autocomplete\").should(\"have.value\", \"Cameroon\");\n});",
              "err": {},
              "uuid": "eadf0371-149d-4eb6-a38a-4e145b770ac7",
              "parentUUID": "ab811fd6-cd8b-44a4-97df-b8d78a554883",
              "isHook": false,
              "skipped": false
            },
            {
              "title": "Negative Scenario - Case insensitivity",
              "fullTitle": "Verify Suggestion Class Example Negative Scenario - Case insensitivity",
              "timedOut": null,
              "duration": 500,
              "state": "passed",
              "speed": "fast",
              "pass": true,
              "fail": false,
              "pending": false,
              "context": null,
              "code": "cy.get(\"#autocomplete\").clear().type(\"CaMerO\").get(\"#ui-id-1 > *\").should(\"be.visible\");",
              "err": {},
              "uuid": "0d7d44c4-68fd-4d46-9556-9e904469f53b",
              "parentUUID": "ab811fd6-cd8b-44a4-97df-b8d78a554883",
              "isHook": false,
              "skipped": false
            },
            {
              "title": "Negative Scenario - Special Characters",
              "fullTitle": "Verify Suggestion Class Example Negative Scenario - Special Characters",
              "timedOut": null,
              "duration": 536,
              "state": "passed",
              "speed": "fast",
              "pass": true,
              "fail": false,
              "pending": false,
              "context": null,
              "code": "cy.get(\"#autocomplete\").clear().type(\"Bosnia &\").get(\"#ui-id-1 > *\").should(\"not.be.visible\");",
              "err": {},
              "uuid": "45c61c71-1043-4834-98d9-935ae73514ac",
              "parentUUID": "ab811fd6-cd8b-44a4-97df-b8d78a554883",
              "isHook": false,
              "skipped": false
            },
            {
              "title": "Negative Scenario - Non matching input",
              "fullTitle": "Verify Suggestion Class Example Negative Scenario - Non matching input",
              "timedOut": null,
              "duration": 291,
              "state": "passed",
              "speed": "fast",
              "pass": true,
              "fail": false,
              "pending": false,
              "context": null,
              "code": "cy.get(\"#autocomplete\").clear().type(\"Cammerron\").get(\"#ui-id-1 > *\").should(\"not.be.visible\");",
              "err": {},
              "uuid": "485257e3-1cf1-4f13-ae8c-53e946762c9e",
              "parentUUID": "ab811fd6-cd8b-44a4-97df-b8d78a554883",
              "isHook": false,
              "skipped": false
            }
          ],
          "suites": [],
          "passes": [
            "eadf0371-149d-4eb6-a38a-4e145b770ac7",
            "0d7d44c4-68fd-4d46-9556-9e904469f53b",
            "45c61c71-1043-4834-98d9-935ae73514ac",
            "485257e3-1cf1-4f13-ae8c-53e946762c9e"
          ],
          "failures": [],
          "pending": [],
          "skipped": [],
          "duration": 1869,
          "root": false,
          "rootEmpty": false,
          "_timeout": 2000
        },
        {
          "uuid": "10549a5c-7f2d-481e-80e1-d8511fba8136",
          "title": "Verify dropdown menu",
          "fullFile": "",
          "file": "",
          "beforeHooks": [],
          "afterHooks": [],
          "tests": [
            {
              "title": "Select all options from dropdown menu one by one",
              "fullTitle": "Verify dropdown menu Select all options from dropdown menu one by one",
              "timedOut": null,
              "duration": 791,
              "state": "passed",
              "speed": "fast",
              "pass": true,
              "fail": false,
              "pending": false,
              "context": null,
              "code": "cy.get(\"#dropdown-class-example\").select(\"Option1\", \"Option2\", \"Option3\");\ncy.get(\"#dropdown-class-example option\").each($option => {\n  const optionValue = $option.val();\n  cy.get(\"#dropdown-class-example\").select(optionValue);\n  cy.get(\"#dropdown-class-example\").should(\"have.value\", optionValue);\n});",
              "err": {},
              "uuid": "bc7128b3-965b-49b2-9b1f-413bf00c0fe4",
              "parentUUID": "10549a5c-7f2d-481e-80e1-d8511fba8136",
              "isHook": false,
              "skipped": false
            },
            {
              "title": "Select a specific option from dropdown menu",
              "fullTitle": "Verify dropdown menu Select a specific option from dropdown menu",
              "timedOut": null,
              "duration": 166,
              "state": "passed",
              "speed": "fast",
              "pass": true,
              "fail": false,
              "pending": false,
              "context": null,
              "code": "cy.get(\"#dropdown-class-example\").select(\"Option1\").should(\"have.value\", \"option1\");",
              "err": {},
              "uuid": "0ed3978e-8e1b-4f87-af8b-987bfbcc9bb1",
              "parentUUID": "10549a5c-7f2d-481e-80e1-d8511fba8136",
              "isHook": false,
              "skipped": false
            },
            {
              "title": "Negative Scenario - Select empty field",
              "fullTitle": "Verify dropdown menu Negative Scenario - Select empty field",
              "timedOut": null,
              "duration": 168,
              "state": "passed",
              "speed": "fast",
              "pass": true,
              "fail": false,
              "pending": false,
              "context": null,
              "code": "cy.get(\"#dropdown-class-example\").select(\"\");\ncy.get(\"#dropdown-class-example\").contains('Select').should(\"have.value\", \"\");",
              "err": {},
              "uuid": "aeeb86be-e297-44c4-87a5-79d7dbe74854",
              "parentUUID": "10549a5c-7f2d-481e-80e1-d8511fba8136",
              "isHook": false,
              "skipped": false
            },
            {
              "title": "Negative Scenario - Select multiple options buttons from dropdown menu",
              "fullTitle": "Verify dropdown menu Negative Scenario - Select multiple options buttons from dropdown menu",
              "timedOut": null,
              "duration": 324,
              "state": "passed",
              "speed": "fast",
              "pass": true,
              "fail": false,
              "pending": false,
              "context": null,
              "code": "cy.get(\"#dropdown-class-example\").select(\"Option1\");\ncy.get(\"#dropdown-class-example\").select(\"Option2\");\ncy.get('#dropdown-class-example').should('have.length', 1);",
              "err": {},
              "uuid": "8d6f0cb6-9c59-4e40-86bb-f06bb12db583",
              "parentUUID": "10549a5c-7f2d-481e-80e1-d8511fba8136",
              "isHook": false,
              "skipped": false
            }
          ],
          "suites": [],
          "passes": [
            "bc7128b3-965b-49b2-9b1f-413bf00c0fe4",
            "0ed3978e-8e1b-4f87-af8b-987bfbcc9bb1",
            "aeeb86be-e297-44c4-87a5-79d7dbe74854",
            "8d6f0cb6-9c59-4e40-86bb-f06bb12db583"
          ],
          "failures": [],
          "pending": [],
          "skipped": [],
          "duration": 1449,
          "root": false,
          "rootEmpty": false,
          "_timeout": 2000
        },
        {
          "uuid": "f90f7f39-d3fc-4f38-9a5a-87df8e759bdd",
          "title": "Verify Checkbox",
          "fullFile": "",
          "file": "",
          "beforeHooks": [],
          "afterHooks": [],
          "tests": [
            {
              "title": "Select all checkboxes",
              "fullTitle": "Verify Checkbox Select all checkboxes",
              "timedOut": null,
              "duration": 310,
              "state": "passed",
              "speed": "fast",
              "pass": true,
              "fail": false,
              "pending": false,
              "context": null,
              "code": "cy.get('[type=\"checkbox\"]').each($checkbox => {\n  // Check and assert each checkbox\n  cy.wrap($checkbox).check().should(\"be.checked\");\n});",
              "err": {},
              "uuid": "bf8c5423-9fef-4342-ad0b-d5d09d803bee",
              "parentUUID": "f90f7f39-d3fc-4f38-9a5a-87df8e759bdd",
              "isHook": false,
              "skipped": false
            },
            {
              "title": "Negative Scenario - Click on the label of the checkbox button to uncheck it",
              "fullTitle": "Verify Checkbox Negative Scenario - Click on the label of the checkbox button to uncheck it",
              "timedOut": null,
              "duration": 112,
              "state": "passed",
              "speed": "fast",
              "pass": true,
              "fail": false,
              "pending": false,
              "context": null,
              "code": "cy.get('[for=\"bmw\"]').click();\ncy.get(\"#checkBoxOption1\").should(\"be.checked\");",
              "err": {},
              "uuid": "0abee7e8-d79e-4706-8a29-eb2c9ae80ce4",
              "parentUUID": "f90f7f39-d3fc-4f38-9a5a-87df8e759bdd",
              "isHook": false,
              "skipped": false
            }
          ],
          "suites": [],
          "passes": [
            "bf8c5423-9fef-4342-ad0b-d5d09d803bee",
            "0abee7e8-d79e-4706-8a29-eb2c9ae80ce4"
          ],
          "failures": [],
          "pending": [],
          "skipped": [],
          "duration": 422,
          "root": false,
          "rootEmpty": false,
          "_timeout": 2000
        },
        {
          "uuid": "d51a920e-ebed-4ba1-a5b7-6058b1107e0a",
          "title": "Verify Alert Example",
          "fullFile": "",
          "file": "",
          "beforeHooks": [],
          "afterHooks": [],
          "tests": [
            {
              "title": "Validate that alert box works correctly when clicking ok",
              "fullTitle": "Verify Alert Example Validate that alert box works correctly when clicking ok",
              "timedOut": null,
              "duration": 477,
              "state": "passed",
              "speed": "fast",
              "pass": true,
              "fail": false,
              "pending": false,
              "context": null,
              "code": "cy.get(\"#name\").type(\"Veselin Micunovic\");\ncy.get(\"#confirmbtn\").click();\ncy.on(\"window:alert\", str => {\n  expect(str).to.equal(\"Hello Veselin Micunovic, Are you sure you want to confirm?\");\n  return true;\n});",
              "err": {},
              "uuid": "608c10a9-2b2d-443a-8aa5-91e34077362f",
              "parentUUID": "d51a920e-ebed-4ba1-a5b7-6058b1107e0a",
              "isHook": false,
              "skipped": false
            },
            {
              "title": "Validate js confirm alert box using a stub",
              "fullTitle": "Verify Alert Example Validate js confirm alert box using a stub",
              "timedOut": null,
              "duration": 479,
              "state": "passed",
              "speed": "fast",
              "pass": true,
              "fail": false,
              "pending": false,
              "context": null,
              "code": "const stub = cy.stub();\ncy.on(\"window:confirm\", stub);\ncy.get(\"#name\").type(\"Veselin Micunovic\");\ncy.get(\"#confirmbtn\").click().then(() => {\n  expect(stub.getCall(0)).to.be.calledWith(\"Hello Veselin Micunovic, Are you sure you want to confirm?\");\n}).then(() => {\n  return false;\n});",
              "err": {},
              "uuid": "44419aca-2b91-40d3-837a-613bc1154be3",
              "parentUUID": "d51a920e-ebed-4ba1-a5b7-6058b1107e0a",
              "isHook": false,
              "skipped": false
            }
          ],
          "suites": [],
          "passes": [
            "608c10a9-2b2d-443a-8aa5-91e34077362f",
            "44419aca-2b91-40d3-837a-613bc1154be3"
          ],
          "failures": [],
          "pending": [],
          "skipped": [],
          "duration": 956,
          "root": false,
          "rootEmpty": false,
          "_timeout": 2000
        },
        {
          "uuid": "9475a4d8-f7e1-4130-b9e7-3f7f9abf8ceb",
          "title": "Handling visible and invisible elements",
          "fullFile": "",
          "file": "",
          "beforeHooks": [],
          "afterHooks": [],
          "tests": [
            {
              "title": "Validate that visible and invisible elements works properly",
              "fullTitle": "Handling visible and invisible elements Validate that visible and invisible elements works properly",
              "timedOut": null,
              "duration": 227,
              "state": "passed",
              "speed": "fast",
              "pass": true,
              "fail": false,
              "pending": false,
              "context": null,
              "code": "cy.get(\"#displayed-text\").should(\"be.visible\");\ncy.get(\"#hide-textbox\").click();\ncy.get(\"#displayed-text\").should(\"not.be.visible\");\ncy.get(\"#show-textbox\").click();\ncy.get(\"#displayed-text\").should(\"be.visible\");",
              "err": {},
              "uuid": "5ada5601-ccf6-45a6-ac8a-1f5c75d891ab",
              "parentUUID": "9475a4d8-f7e1-4130-b9e7-3f7f9abf8ceb",
              "isHook": false,
              "skipped": false
            }
          ],
          "suites": [],
          "passes": [
            "5ada5601-ccf6-45a6-ac8a-1f5c75d891ab"
          ],
          "failures": [],
          "pending": [],
          "skipped": [],
          "duration": 227,
          "root": false,
          "rootEmpty": false,
          "_timeout": 2000
        },
        {
          "uuid": "68e09c3f-cbc7-44f0-9ba7-a83587d68fb0",
          "title": "Handling Mouse hover",
          "fullFile": "",
          "file": "",
          "beforeHooks": [],
          "afterHooks": [],
          "tests": [
            {
              "title": "Validate the mouse hover over 'Top' button",
              "fullTitle": "Handling Mouse hover Validate the mouse hover over 'Top' button",
              "timedOut": null,
              "duration": 142,
              "state": "passed",
              "speed": "fast",
              "pass": true,
              "fail": false,
              "pending": false,
              "context": null,
              "code": "cy.get(\".mouse-hover-content\").invoke(\"show\");\ncy.contains(\"Top\").click();\ncy.url().should(\"include\", \"top\");",
              "err": {},
              "uuid": "17e8d5a0-50ae-4cb7-af31-fdd42c9d3b3e",
              "parentUUID": "68e09c3f-cbc7-44f0-9ba7-a83587d68fb0",
              "isHook": false,
              "skipped": false
            },
            {
              "title": "Validate the mouse hover over 'Reload' button",
              "fullTitle": "Handling Mouse hover Validate the mouse hover over 'Reload' button",
              "timedOut": null,
              "duration": 4568,
              "state": "passed",
              "speed": "fast",
              "pass": true,
              "fail": false,
              "pending": false,
              "context": null,
              "code": "cy.get(\".mouse-hover-content\").invoke(\"show\");\ncy.contains(\"Reload\").click();\ncy.url().should(\"not.include\", \"top\");",
              "err": {},
              "uuid": "c4458d2e-6d82-45da-848a-5a2a0cadc752",
              "parentUUID": "68e09c3f-cbc7-44f0-9ba7-a83587d68fb0",
              "isHook": false,
              "skipped": false
            }
          ],
          "suites": [],
          "passes": [
            "17e8d5a0-50ae-4cb7-af31-fdd42c9d3b3e",
            "c4458d2e-6d82-45da-848a-5a2a0cadc752"
          ],
          "failures": [],
          "pending": [],
          "skipped": [],
          "duration": 4710,
          "root": false,
          "rootEmpty": false,
          "_timeout": 2000
        },
        {
          "uuid": "4673ec03-1d9b-444e-8c49-366dfad0bb5f",
          "title": "Handling data in Web Table",
          "fullFile": "",
          "file": "",
          "beforeHooks": [],
          "afterHooks": [],
          "tests": [
            {
              "title": "Verifing that the WebServices/REST API Testing with SoapUI course has a price of 35",
              "fullTitle": "Handling data in Web Table Verifing that the WebServices/REST API Testing with SoapUI course has a price of 35",
              "timedOut": null,
              "duration": 95,
              "state": "passed",
              "speed": "fast",
              "pass": true,
              "fail": false,
              "pending": false,
              "context": null,
              "code": "cy.get(\"tr td:nth-child(2)\").each(($e1, index, $list) => {\n  const text = $e1.text();\n  if (text.includes(\"REST API\")) {\n    cy.get(\"tr td:nth-child(2)\").eq(index).next().then(function (price) {\n      const priceText = price.text();\n      expect(priceText).to.equal(\"35\");\n    });\n  }\n});",
              "err": {},
              "uuid": "61feefc1-d0ac-4490-9d79-7704cc278918",
              "parentUUID": "4673ec03-1d9b-444e-8c49-366dfad0bb5f",
              "isHook": false,
              "skipped": false
            },
            {
              "title": "Calculate and assert the total price of all courses",
              "fullTitle": "Handling data in Web Table Calculate and assert the total price of all courses",
              "timedOut": null,
              "duration": 52,
              "state": "passed",
              "speed": "fast",
              "pass": true,
              "fail": false,
              "pending": false,
              "context": null,
              "code": "var courseDetails = [];\nlet price = 0;\ncy.get('[name=\"courses\"] td').each(($el, index, $list) => {\n  courseDetails[index] = $el.text();\n}).then(() => {\n  for (var i = 0; i < courseDetails.length; i++) {\n    if (Number(courseDetails[i])) {\n      //only consider String's which contain integers\n      price += Number(courseDetails[i]); //add numbers to let variable\n    }\n  }\n  cy.log(\"Found total price: \" + price);\n  expect(price).to.eq(235); //calculate totals and perform assertion\n});",
              "err": {},
              "uuid": "366cb942-07a2-49bb-b7de-b73d5b6d3b36",
              "parentUUID": "4673ec03-1d9b-444e-8c49-366dfad0bb5f",
              "isHook": false,
              "skipped": false
            },
            {
              "title": "Calculate and assert the total price of all odd numbers",
              "fullTitle": "Handling data in Web Table Calculate and assert the total price of all odd numbers",
              "timedOut": null,
              "duration": 44,
              "state": "passed",
              "speed": "fast",
              "pass": true,
              "fail": false,
              "pending": false,
              "context": null,
              "code": "var courseDetails = [];\nlet price = 0;\ncy.get('[name=\"courses\"] td').each(($el, index, $list) => {\n  courseDetails[index] = $el.text();\n}).then(() => {\n  for (var i = 0; i < courseDetails.length; i++) {\n    if (Number(courseDetails[i]) % 2 == 1) {\n      price += Number(courseDetails[i]);\n    }\n  }\n  cy.log(\"Found total price of all odd numbers: \" + price);\n  expect(price).to.eq(135);\n});",
              "err": {},
              "uuid": "e16ced4a-d21f-4c65-a03b-29cf17f6f4f1",
              "parentUUID": "4673ec03-1d9b-444e-8c49-366dfad0bb5f",
              "isHook": false,
              "skipped": false
            }
          ],
          "suites": [],
          "passes": [
            "61feefc1-d0ac-4490-9d79-7704cc278918",
            "366cb942-07a2-49bb-b7de-b73d5b6d3b36",
            "e16ced4a-d21f-4c65-a03b-29cf17f6f4f1"
          ],
          "failures": [],
          "pending": [],
          "skipped": [],
          "duration": 191,
          "root": false,
          "rootEmpty": false,
          "_timeout": 2000
        },
        {
          "uuid": "7193db09-be0e-4b06-a5bd-2e7f7bb40ce4",
          "title": "Handling broken link",
          "fullFile": "",
          "file": "",
          "beforeHooks": [],
          "afterHooks": [],
          "tests": [
            {
              "title": "Validate the broken link status message",
              "fullTitle": "Handling broken link Validate the broken link status message",
              "timedOut": null,
              "duration": 2127,
              "state": "passed",
              "speed": "fast",
              "pass": true,
              "fail": false,
              "pending": false,
              "context": null,
              "code": "cy.get(\"strong > a\").then(a => {\n  cy.request(a.prop(\"href\")).its(\"status\").should(\"eq\", 200);\n});",
              "err": {},
              "uuid": "527d129a-bc08-400f-b8a6-b4f5dc8cf702",
              "parentUUID": "7193db09-be0e-4b06-a5bd-2e7f7bb40ce4",
              "isHook": false,
              "skipped": false
            },
            {
              "title": "Validate the broken link web address",
              "fullTitle": "Handling broken link Validate the broken link web address",
              "timedOut": null,
              "duration": 47903,
              "state": "passed",
              "speed": "slow",
              "pass": true,
              "fail": false,
              "pending": false,
              "context": null,
              "code": "cy.get(\"strong > a\").invoke(\"removeAttr\", \"target\").click({\n  force: true\n});\ncy.url().should(\"include\", \"medianhconsulting\");\ncy.go(\"back\");",
              "err": {},
              "uuid": "6d4590d9-fc88-4565-af53-0cdc2fbb0dc1",
              "parentUUID": "7193db09-be0e-4b06-a5bd-2e7f7bb40ce4",
              "isHook": false,
              "skipped": false
            },
            {
              "title": "Validate the link attributes",
              "fullTitle": "Handling broken link Validate the link attributes",
              "timedOut": null,
              "duration": 64,
              "state": "passed",
              "speed": "fast",
              "pass": true,
              "fail": false,
              "pending": false,
              "context": null,
              "code": "cy.get(\"strong > a\").should(\"have.attr\", \"href\", \"http://www.medianhconsulting.com\").should(\"have.attr\", \"target\", \"_blank\");",
              "err": {},
              "uuid": "fc4aacbb-7d8e-40d4-977b-edc022ac35f0",
              "parentUUID": "7193db09-be0e-4b06-a5bd-2e7f7bb40ce4",
              "isHook": false,
              "skipped": false
            },
            {
              "title": "Check the status of all links on the page",
              "fullTitle": "Handling broken link Check the status of all links on the page",
              "timedOut": null,
              "duration": 12033,
              "state": "passed",
              "speed": "slow",
              "pass": true,
              "fail": false,
              "pending": false,
              "context": null,
              "code": "cy.get(\"a\").each(link => {\n  if (link.prop(\"href\")) cy.request({\n    url: link.prop(\"href\"),\n    failOnStatusCode: false\n  });\n  cy.log(link.prop(\"href\"));\n});",
              "err": {},
              "uuid": "4fdd6ea7-52d6-434b-b579-be586f4e2ed4",
              "parentUUID": "7193db09-be0e-4b06-a5bd-2e7f7bb40ce4",
              "isHook": false,
              "skipped": false
            },
            {
              "title": "Should check all links status with assertions",
              "fullTitle": "Handling broken link Should check all links status with assertions",
              "timedOut": null,
              "duration": 3623,
              "state": "passed",
              "speed": "fast",
              "pass": true,
              "fail": false,
              "pending": false,
              "context": null,
              "code": "cy.get(\"a\").each($link => {\n  const href = $link.attr(\"href\"); // Ignore links without href or with anchor tags\n  if (href && !href.startsWith(\"#\")) {\n    // Make a request to the link with failOnStatusCode: false\n    cy.request({\n      url: href,\n      failOnStatusCode: false\n    }).then(response => {\n      // Assert the status code of the response\n      expect(response.status).to.be.oneOf([200, 301, 302, 400, 403, 404, 500]);\n    });\n  }\n});",
              "err": {},
              "uuid": "93064233-cc98-4174-8c29-8cbd29838be4",
              "parentUUID": "7193db09-be0e-4b06-a5bd-2e7f7bb40ce4",
              "isHook": false,
              "skipped": false
            }
          ],
          "suites": [],
          "passes": [
            "527d129a-bc08-400f-b8a6-b4f5dc8cf702",
            "6d4590d9-fc88-4565-af53-0cdc2fbb0dc1",
            "fc4aacbb-7d8e-40d4-977b-edc022ac35f0",
            "4fdd6ea7-52d6-434b-b579-be586f4e2ed4",
            "93064233-cc98-4174-8c29-8cbd29838be4"
          ],
          "failures": [],
          "pending": [],
          "skipped": [],
          "duration": 65750,
          "root": false,
          "rootEmpty": false,
          "_timeout": 2000
        }
      ],
      "passes": [],
      "failures": [],
      "pending": [],
      "skipped": [],
      "duration": 0,
      "root": true,
      "rootEmpty": true,
      "_timeout": 2000
    },
    {
      "uuid": "051be1eb-a5af-4aa0-bebc-1408808d3364",
      "title": "",
      "fullFile": "cypress\\e2e\\tests\\max_solution_tasks.spec.js",
      "file": "cypress\\e2e\\tests\\max_solution_tasks.spec.js",
      "beforeHooks": [],
      "afterHooks": [],
      "tests": [],
      "suites": [
        {
          "uuid": "5f7bbfc8-f00c-47f8-8ccb-aaf5f4ce8439",
          "title": "Navigate to the page from the title",
          "fullFile": "",
          "file": "",
          "beforeHooks": [],
          "afterHooks": [],
          "tests": [
            {
              "title": "Navigate to Rahul Shetty Academy Automation Practice Page",
              "fullTitle": "Navigate to the page from the title Navigate to Rahul Shetty Academy Automation Practice Page",
              "timedOut": null,
              "duration": 13031,
              "state": "passed",
              "speed": "slow",
              "pass": true,
              "fail": false,
              "pending": false,
              "context": null,
              "code": "cy.navigateTo_RahulShettyAcademy_AutomationPractice();\ncy.url().should(\"include\", \"/AutomationPractice\");\ncy.title().should(\"include\", \"Practice Page\");",
              "err": {},
              "uuid": "3ed86f06-46e2-4440-b2ef-fe6329d56c77",
              "parentUUID": "5f7bbfc8-f00c-47f8-8ccb-aaf5f4ce8439",
              "isHook": false,
              "skipped": false
            },
            {
              "title": "Invalid Homepage address",
              "fullTitle": "Navigate to the page from the title Invalid Homepage address",
              "timedOut": null,
              "duration": 3708,
              "state": "passed",
              "speed": "fast",
              "pass": true,
              "fail": false,
              "pending": false,
              "context": null,
              "code": "const invalideWebAddress = \"AutomaaaationPracctice\";\ncy.visit(\"/\" + invalideWebAddress, {\n  failOnStatusCode: false\n});\ncy.get(\".ml-4\").contains(\"Not Found\");\ncy.navigateTo_RahulShettyAcademy_AutomationPractice();",
              "err": {},
              "uuid": "246535ad-4855-4eff-b4c6-a2baaf1ac967",
              "parentUUID": "5f7bbfc8-f00c-47f8-8ccb-aaf5f4ce8439",
              "isHook": false,
              "skipped": false
            }
          ],
          "suites": [],
          "passes": [
            "3ed86f06-46e2-4440-b2ef-fe6329d56c77",
            "246535ad-4855-4eff-b4c6-a2baaf1ac967"
          ],
          "failures": [],
          "pending": [],
          "skipped": [],
          "duration": 16739,
          "root": false,
          "rootEmpty": false,
          "_timeout": 2000
        },
        {
          "uuid": "e58686dd-77f6-42a1-badc-9cb1bc1d29dc",
          "title": "Verify radio buttons",
          "fullFile": "",
          "file": "",
          "beforeHooks": [],
          "afterHooks": [],
          "tests": [
            {
              "title": "Select all radio buttons one by one",
              "fullTitle": "Verify radio buttons Select all radio buttons one by one",
              "timedOut": null,
              "duration": 363,
              "state": "passed",
              "speed": "fast",
              "pass": true,
              "fail": false,
              "pending": false,
              "context": null,
              "code": "cy.get('[class=\"radioButton\"]').each($radio => {\n  // Check and assert each radio button\n  cy.wrap($radio).check().should(\"be.checked\");\n});",
              "err": {},
              "uuid": "86973b46-fdbb-4bbb-8e7d-32b43f23b0e9",
              "parentUUID": "e58686dd-77f6-42a1-badc-9cb1bc1d29dc",
              "isHook": false,
              "skipped": false
            },
            {
              "title": "Successful selection of a specific radio button",
              "fullTitle": "Verify radio buttons Successful selection of a specific radio button",
              "timedOut": null,
              "duration": 131,
              "state": "passed",
              "speed": "fast",
              "pass": true,
              "fail": false,
              "pending": false,
              "context": null,
              "code": "cy.get(\"#radio-btn-example\").find(\"[value='radio1']\").check().should(\"be.checked\").and(\"have.value\", \"radio1\");\ncy.get(\"[value='radio2']\").should(\"not.be.checked\");\ncy.get(\"[value='radio3']\").should(\"not.be.checked\");",
              "err": {},
              "uuid": "c6f2e286-eef3-42f6-9db3-219b1828e656",
              "parentUUID": "e58686dd-77f6-42a1-badc-9cb1bc1d29dc",
              "isHook": false,
              "skipped": false
            },
            {
              "title": "Negative Scenario - Select multiple radio buttons in a group",
              "fullTitle": "Verify radio buttons Negative Scenario - Select multiple radio buttons in a group",
              "timedOut": null,
              "duration": 129,
              "state": "passed",
              "speed": "fast",
              "pass": true,
              "fail": false,
              "pending": false,
              "context": null,
              "code": "cy.get(\".radioButton\").check([\"radio1\", \"radio2\"]);\ncy.get(\"[value='radio1']\").should(\"not.be.checked\");\ncy.get(\"[value='radio2']\").should(\"be.checked\");",
              "err": {},
              "uuid": "feefd82f-3681-44f3-9699-30657c2e44c8",
              "parentUUID": "e58686dd-77f6-42a1-badc-9cb1bc1d29dc",
              "isHook": false,
              "skipped": false
            },
            {
              "title": "Negative Scenario - Select multiple radio buttons in a group - Different aproach ",
              "fullTitle": "Verify radio buttons Negative Scenario - Select multiple radio buttons in a group - Different aproach ",
              "timedOut": null,
              "duration": 215,
              "state": "passed",
              "speed": "fast",
              "pass": true,
              "fail": false,
              "pending": false,
              "context": null,
              "code": "cy.get(\"[value='radio1'\").check();\ncy.get(\"[value='radio2']\").check();\ncy.get(\".radioButton\").filter(\":checked\").should(\"have.length\", 1);",
              "err": {},
              "uuid": "ab6f8f1a-6bb8-4638-a5ea-acffe2d5676c",
              "parentUUID": "e58686dd-77f6-42a1-badc-9cb1bc1d29dc",
              "isHook": false,
              "skipped": false
            },
            {
              "title": "Negative Scenario - Click on the label for the radio button to select it",
              "fullTitle": "Verify radio buttons Negative Scenario - Click on the label for the radio button to select it",
              "timedOut": null,
              "duration": 137,
              "state": "passed",
              "speed": "fast",
              "pass": true,
              "fail": false,
              "pending": false,
              "context": null,
              "code": "cy.get('[for=\"radio1\"]').click();\ncy.get(\"[value='radio1']\").should(\"not.be.checked\");",
              "err": {},
              "uuid": "d19077cc-f3e4-41e2-9d2f-6e08f6652fdd",
              "parentUUID": "e58686dd-77f6-42a1-badc-9cb1bc1d29dc",
              "isHook": false,
              "skipped": false
            }
          ],
          "suites": [],
          "passes": [
            "86973b46-fdbb-4bbb-8e7d-32b43f23b0e9",
            "c6f2e286-eef3-42f6-9db3-219b1828e656",
            "feefd82f-3681-44f3-9699-30657c2e44c8",
            "ab6f8f1a-6bb8-4638-a5ea-acffe2d5676c",
            "d19077cc-f3e4-41e2-9d2f-6e08f6652fdd"
          ],
          "failures": [],
          "pending": [],
          "skipped": [],
          "duration": 975,
          "root": false,
          "rootEmpty": false,
          "_timeout": 2000
        },
        {
          "uuid": "48a293e9-8fdb-40bd-8e9f-ce2c507426c4",
          "title": "Verify Suggestion Class Example",
          "fullFile": "",
          "file": "",
          "beforeHooks": [],
          "afterHooks": [],
          "tests": [
            {
              "title": "Select specific country",
              "fullTitle": "Verify Suggestion Class Example Select specific country",
              "timedOut": null,
              "duration": 541,
              "state": "passed",
              "speed": "fast",
              "pass": true,
              "fail": false,
              "pending": false,
              "context": null,
              "code": "cy.get(\"#autocomplete\").type(\"CA\");\ncy.get(\"#ui-id-1 > *\").each(($el, index, $list) => {\n  const country = $el.text();\n  const countryToSelect = \"Cameroon\";\n  if (country === countryToSelect) {\n    $el.click();\n  }\n  cy.get(\"#autocomplete\").should(\"have.value\", \"Cameroon\");\n});",
              "err": {},
              "uuid": "03021b99-a58a-4cb5-936a-c718f3b13e5d",
              "parentUUID": "48a293e9-8fdb-40bd-8e9f-ce2c507426c4",
              "isHook": false,
              "skipped": false
            },
            {
              "title": "Negative Scenario - Case insensitivity",
              "fullTitle": "Verify Suggestion Class Example Negative Scenario - Case insensitivity",
              "timedOut": null,
              "duration": 515,
              "state": "passed",
              "speed": "fast",
              "pass": true,
              "fail": false,
              "pending": false,
              "context": null,
              "code": "cy.get(\"#autocomplete\").clear().type(\"CaMerO\").get(\"#ui-id-1 > *\").should(\"be.visible\");",
              "err": {},
              "uuid": "09911852-ff5e-4524-a2dc-2a6277b2dccd",
              "parentUUID": "48a293e9-8fdb-40bd-8e9f-ce2c507426c4",
              "isHook": false,
              "skipped": false
            },
            {
              "title": "Negative Scenario - Special Characters",
              "fullTitle": "Verify Suggestion Class Example Negative Scenario - Special Characters",
              "timedOut": null,
              "duration": 523,
              "state": "passed",
              "speed": "fast",
              "pass": true,
              "fail": false,
              "pending": false,
              "context": null,
              "code": "cy.get(\"#autocomplete\").clear().type(\"Bosnia &\").get(\"#ui-id-1 > *\").should(\"not.be.visible\");",
              "err": {},
              "uuid": "0b731c5e-ede6-4371-a2d5-7993dbb8e37c",
              "parentUUID": "48a293e9-8fdb-40bd-8e9f-ce2c507426c4",
              "isHook": false,
              "skipped": false
            },
            {
              "title": "Negative Scenario - Non matching input",
              "fullTitle": "Verify Suggestion Class Example Negative Scenario - Non matching input",
              "timedOut": null,
              "duration": 313,
              "state": "passed",
              "speed": "fast",
              "pass": true,
              "fail": false,
              "pending": false,
              "context": null,
              "code": "cy.get(\"#autocomplete\").clear().type(\"Cammerron\").get(\"#ui-id-1 > *\").should(\"not.be.visible\");",
              "err": {},
              "uuid": "313e0793-1c96-455f-b115-5bb074044b97",
              "parentUUID": "48a293e9-8fdb-40bd-8e9f-ce2c507426c4",
              "isHook": false,
              "skipped": false
            }
          ],
          "suites": [],
          "passes": [
            "03021b99-a58a-4cb5-936a-c718f3b13e5d",
            "09911852-ff5e-4524-a2dc-2a6277b2dccd",
            "0b731c5e-ede6-4371-a2d5-7993dbb8e37c",
            "313e0793-1c96-455f-b115-5bb074044b97"
          ],
          "failures": [],
          "pending": [],
          "skipped": [],
          "duration": 1892,
          "root": false,
          "rootEmpty": false,
          "_timeout": 2000
        },
        {
          "uuid": "ce18770b-38d9-44fd-b5cc-9a7f17788afd",
          "title": "Verify dropdown menu",
          "fullFile": "",
          "file": "",
          "beforeHooks": [],
          "afterHooks": [],
          "tests": [
            {
              "title": "Select all options from dropdown menu one by one",
              "fullTitle": "Verify dropdown menu Select all options from dropdown menu one by one",
              "timedOut": null,
              "duration": 814,
              "state": "passed",
              "speed": "fast",
              "pass": true,
              "fail": false,
              "pending": false,
              "context": null,
              "code": "cy.get(\"#dropdown-class-example\").select(\"Option1\", \"Option2\", \"Option3\");\ncy.get(\"#dropdown-class-example option\").each($option => {\n  const optionValue = $option.val();\n  cy.get(\"#dropdown-class-example\").select(optionValue);\n  cy.get(\"#dropdown-class-example\").should(\"have.value\", optionValue);\n});",
              "err": {},
              "uuid": "8e584876-c4f5-4d73-8cb9-816acc971ce6",
              "parentUUID": "ce18770b-38d9-44fd-b5cc-9a7f17788afd",
              "isHook": false,
              "skipped": false
            },
            {
              "title": "Select a specific option from dropdown menu",
              "fullTitle": "Verify dropdown menu Select a specific option from dropdown menu",
              "timedOut": null,
              "duration": 175,
              "state": "passed",
              "speed": "fast",
              "pass": true,
              "fail": false,
              "pending": false,
              "context": null,
              "code": "cy.get(\"#dropdown-class-example\").select(\"Option1\").should(\"have.value\", \"option1\");",
              "err": {},
              "uuid": "f5e906c2-59a9-4c14-a48b-6d585ac48990",
              "parentUUID": "ce18770b-38d9-44fd-b5cc-9a7f17788afd",
              "isHook": false,
              "skipped": false
            },
            {
              "title": "Negative Scenario - Select empty field",
              "fullTitle": "Verify dropdown menu Negative Scenario - Select empty field",
              "timedOut": null,
              "duration": 186,
              "state": "passed",
              "speed": "fast",
              "pass": true,
              "fail": false,
              "pending": false,
              "context": null,
              "code": "cy.get(\"#dropdown-class-example\").select(\"\");\ncy.get(\"#dropdown-class-example\").contains('Select').should(\"have.value\", \"\");",
              "err": {},
              "uuid": "c8bc78b7-051e-4977-a9c9-0ebf9c6934d4",
              "parentUUID": "ce18770b-38d9-44fd-b5cc-9a7f17788afd",
              "isHook": false,
              "skipped": false
            },
            {
              "title": "Negative Scenario - Select multiple options buttons from dropdown menu",
              "fullTitle": "Verify dropdown menu Negative Scenario - Select multiple options buttons from dropdown menu",
              "timedOut": null,
              "duration": 322,
              "state": "passed",
              "speed": "fast",
              "pass": true,
              "fail": false,
              "pending": false,
              "context": null,
              "code": "cy.get(\"#dropdown-class-example\").select(\"Option1\");\ncy.get(\"#dropdown-class-example\").select(\"Option2\");\ncy.get('#dropdown-class-example').should('have.length', 1);",
              "err": {},
              "uuid": "cbaf5224-0a4b-4632-a670-dafc07ea77aa",
              "parentUUID": "ce18770b-38d9-44fd-b5cc-9a7f17788afd",
              "isHook": false,
              "skipped": false
            }
          ],
          "suites": [],
          "passes": [
            "8e584876-c4f5-4d73-8cb9-816acc971ce6",
            "f5e906c2-59a9-4c14-a48b-6d585ac48990",
            "c8bc78b7-051e-4977-a9c9-0ebf9c6934d4",
            "cbaf5224-0a4b-4632-a670-dafc07ea77aa"
          ],
          "failures": [],
          "pending": [],
          "skipped": [],
          "duration": 1497,
          "root": false,
          "rootEmpty": false,
          "_timeout": 2000
        },
        {
          "uuid": "d3da557a-8451-480b-a931-7c60a143e4ec",
          "title": "Verify Checkbox",
          "fullFile": "",
          "file": "",
          "beforeHooks": [],
          "afterHooks": [],
          "tests": [
            {
              "title": "Select all checkboxes",
              "fullTitle": "Verify Checkbox Select all checkboxes",
              "timedOut": null,
              "duration": 313,
              "state": "passed",
              "speed": "fast",
              "pass": true,
              "fail": false,
              "pending": false,
              "context": null,
              "code": "cy.get('[type=\"checkbox\"]').each($checkbox => {\n  // Check and assert each checkbox\n  cy.wrap($checkbox).check().should(\"be.checked\");\n});",
              "err": {},
              "uuid": "a6a7b841-1b7a-48ee-915d-5c4e7e87376b",
              "parentUUID": "d3da557a-8451-480b-a931-7c60a143e4ec",
              "isHook": false,
              "skipped": false
            },
            {
              "title": "Negative Scenario - Click on the label of the checkbox button to uncheck it",
              "fullTitle": "Verify Checkbox Negative Scenario - Click on the label of the checkbox button to uncheck it",
              "timedOut": null,
              "duration": 117,
              "state": "passed",
              "speed": "fast",
              "pass": true,
              "fail": false,
              "pending": false,
              "context": null,
              "code": "cy.get('[for=\"bmw\"]').click();\ncy.get(\"#checkBoxOption1\").should(\"be.checked\");",
              "err": {},
              "uuid": "5268b502-c519-4181-b8dd-3f1ca6fd35e1",
              "parentUUID": "d3da557a-8451-480b-a931-7c60a143e4ec",
              "isHook": false,
              "skipped": false
            }
          ],
          "suites": [],
          "passes": [
            "a6a7b841-1b7a-48ee-915d-5c4e7e87376b",
            "5268b502-c519-4181-b8dd-3f1ca6fd35e1"
          ],
          "failures": [],
          "pending": [],
          "skipped": [],
          "duration": 430,
          "root": false,
          "rootEmpty": false,
          "_timeout": 2000
        },
        {
          "uuid": "164306b2-43aa-48a7-b1c5-1f3f3f0342ae",
          "title": "Verify Alert Example",
          "fullFile": "",
          "file": "",
          "beforeHooks": [],
          "afterHooks": [],
          "tests": [
            {
              "title": "Validate that alert box works correctly when clicking ok",
              "fullTitle": "Verify Alert Example Validate that alert box works correctly when clicking ok",
              "timedOut": null,
              "duration": 484,
              "state": "passed",
              "speed": "fast",
              "pass": true,
              "fail": false,
              "pending": false,
              "context": null,
              "code": "cy.get(\"#name\").type(\"Veselin Micunovic\");\ncy.get(\"#confirmbtn\").click();\ncy.on(\"window:alert\", str => {\n  expect(str).to.equal(\"Hello Veselin Micunovic, Are you sure you want to confirm?\");\n  return true;\n});",
              "err": {},
              "uuid": "a7816c72-c3cd-4374-85c5-cc285adf5915",
              "parentUUID": "164306b2-43aa-48a7-b1c5-1f3f3f0342ae",
              "isHook": false,
              "skipped": false
            },
            {
              "title": "Validate js confirm alert box using a stub",
              "fullTitle": "Verify Alert Example Validate js confirm alert box using a stub",
              "timedOut": null,
              "duration": 477,
              "state": "passed",
              "speed": "fast",
              "pass": true,
              "fail": false,
              "pending": false,
              "context": null,
              "code": "const stub = cy.stub();\ncy.on(\"window:confirm\", stub);\ncy.get(\"#name\").type(\"Veselin Micunovic\");\ncy.get(\"#confirmbtn\").click().then(() => {\n  expect(stub.getCall(0)).to.be.calledWith(\"Hello Veselin Micunovic, Are you sure you want to confirm?\");\n}).then(() => {\n  return false;\n});",
              "err": {},
              "uuid": "ee909793-6c7e-42c0-8940-96627a3bab92",
              "parentUUID": "164306b2-43aa-48a7-b1c5-1f3f3f0342ae",
              "isHook": false,
              "skipped": false
            }
          ],
          "suites": [],
          "passes": [
            "a7816c72-c3cd-4374-85c5-cc285adf5915",
            "ee909793-6c7e-42c0-8940-96627a3bab92"
          ],
          "failures": [],
          "pending": [],
          "skipped": [],
          "duration": 961,
          "root": false,
          "rootEmpty": false,
          "_timeout": 2000
        },
        {
          "uuid": "1dcc9ec5-3ad5-48d6-9789-11fadc07b1c5",
          "title": "Handling visible and invisible elements",
          "fullFile": "",
          "file": "",
          "beforeHooks": [],
          "afterHooks": [],
          "tests": [
            {
              "title": "Validate that visible and invisible elements works properly",
              "fullTitle": "Handling visible and invisible elements Validate that visible and invisible elements works properly",
              "timedOut": null,
              "duration": 227,
              "state": "passed",
              "speed": "fast",
              "pass": true,
              "fail": false,
              "pending": false,
              "context": null,
              "code": "cy.get(\"#displayed-text\").should(\"be.visible\");\ncy.get(\"#hide-textbox\").click();\ncy.get(\"#displayed-text\").should(\"not.be.visible\");\ncy.get(\"#show-textbox\").click();\ncy.get(\"#displayed-text\").should(\"be.visible\");",
              "err": {},
              "uuid": "55ec47f0-2843-4014-bea5-bd0cc13d455e",
              "parentUUID": "1dcc9ec5-3ad5-48d6-9789-11fadc07b1c5",
              "isHook": false,
              "skipped": false
            }
          ],
          "suites": [],
          "passes": [
            "55ec47f0-2843-4014-bea5-bd0cc13d455e"
          ],
          "failures": [],
          "pending": [],
          "skipped": [],
          "duration": 227,
          "root": false,
          "rootEmpty": false,
          "_timeout": 2000
        },
        {
          "uuid": "d7e6bab6-7b63-4baa-bc7f-9fe489c8d9cc",
          "title": "Handling Mouse hover",
          "fullFile": "",
          "file": "",
          "beforeHooks": [],
          "afterHooks": [],
          "tests": [
            {
              "title": "Validate the mouse hover over 'Top' button",
              "fullTitle": "Handling Mouse hover Validate the mouse hover over 'Top' button",
              "timedOut": null,
              "duration": 145,
              "state": "passed",
              "speed": "fast",
              "pass": true,
              "fail": false,
              "pending": false,
              "context": null,
              "code": "cy.get(\".mouse-hover-content\").invoke(\"show\");\ncy.contains(\"Top\").click();\ncy.url().should(\"include\", \"top\");",
              "err": {},
              "uuid": "6b9e029a-766b-4135-9a5e-aec7905170a6",
              "parentUUID": "d7e6bab6-7b63-4baa-bc7f-9fe489c8d9cc",
              "isHook": false,
              "skipped": false
            },
            {
              "title": "Validate the mouse hover over 'Reload' button",
              "fullTitle": "Handling Mouse hover Validate the mouse hover over 'Reload' button",
              "timedOut": null,
              "duration": 5070,
              "state": "passed",
              "speed": "medium",
              "pass": true,
              "fail": false,
              "pending": false,
              "context": null,
              "code": "cy.get(\".mouse-hover-content\").invoke(\"show\");\ncy.contains(\"Reload\").click();\ncy.url().should(\"not.include\", \"top\");",
              "err": {},
              "uuid": "c0278ed5-b7b3-48e3-b648-391ababe5271",
              "parentUUID": "d7e6bab6-7b63-4baa-bc7f-9fe489c8d9cc",
              "isHook": false,
              "skipped": false
            }
          ],
          "suites": [],
          "passes": [
            "6b9e029a-766b-4135-9a5e-aec7905170a6",
            "c0278ed5-b7b3-48e3-b648-391ababe5271"
          ],
          "failures": [],
          "pending": [],
          "skipped": [],
          "duration": 5215,
          "root": false,
          "rootEmpty": false,
          "_timeout": 2000
        },
        {
          "uuid": "481e237d-4e63-4ec7-8b3d-97e8beba26a3",
          "title": "Handling data in Web Table",
          "fullFile": "",
          "file": "",
          "beforeHooks": [],
          "afterHooks": [],
          "tests": [
            {
              "title": "Verifing that the WebServices/REST API Testing with SoapUI course has a price of 35",
              "fullTitle": "Handling data in Web Table Verifing that the WebServices/REST API Testing with SoapUI course has a price of 35",
              "timedOut": null,
              "duration": 102,
              "state": "passed",
              "speed": "fast",
              "pass": true,
              "fail": false,
              "pending": false,
              "context": null,
              "code": "cy.get(\"tr td:nth-child(2)\").each(($e1, index, $list) => {\n  const text = $e1.text();\n  if (text.includes(\"REST API\")) {\n    cy.get(\"tr td:nth-child(2)\").eq(index).next().then(function (price) {\n      const priceText = price.text();\n      expect(priceText).to.equal(\"35\");\n    });\n  }\n});",
              "err": {},
              "uuid": "3fe57a41-0166-4f6f-b127-c71747028c10",
              "parentUUID": "481e237d-4e63-4ec7-8b3d-97e8beba26a3",
              "isHook": false,
              "skipped": false
            },
            {
              "title": "Calculate and assert the total price of all courses",
              "fullTitle": "Handling data in Web Table Calculate and assert the total price of all courses",
              "timedOut": null,
              "duration": 64,
              "state": "passed",
              "speed": "fast",
              "pass": true,
              "fail": false,
              "pending": false,
              "context": null,
              "code": "var courseDetails = [];\nlet price = 0;\ncy.get('[name=\"courses\"] td').each(($el, index, $list) => {\n  courseDetails[index] = $el.text();\n}).then(() => {\n  for (var i = 0; i < courseDetails.length; i++) {\n    if (Number(courseDetails[i])) {\n      //only consider String's which contain integers\n      price += Number(courseDetails[i]); //add numbers to let variable\n    }\n  }\n  cy.log(\"Found total price: \" + price);\n  expect(price).to.eq(235); //calculate totals and perform assertion\n});",
              "err": {},
              "uuid": "9e08d0c0-39ec-44d2-8c1d-445a81aead8b",
              "parentUUID": "481e237d-4e63-4ec7-8b3d-97e8beba26a3",
              "isHook": false,
              "skipped": false
            },
            {
              "title": "Calculate and assert the total price of all odd numbers",
              "fullTitle": "Handling data in Web Table Calculate and assert the total price of all odd numbers",
              "timedOut": null,
              "duration": 53,
              "state": "passed",
              "speed": "fast",
              "pass": true,
              "fail": false,
              "pending": false,
              "context": null,
              "code": "var courseDetails = [];\nlet price = 0;\ncy.get('[name=\"courses\"] td').each(($el, index, $list) => {\n  courseDetails[index] = $el.text();\n}).then(() => {\n  for (var i = 0; i < courseDetails.length; i++) {\n    if (Number(courseDetails[i]) % 2 == 1) {\n      price += Number(courseDetails[i]);\n    }\n  }\n  cy.log(\"Found total price of all odd numbers: \" + price);\n  expect(price).to.eq(135);\n});",
              "err": {},
              "uuid": "41861eeb-523b-4837-b71b-970ac220f82b",
              "parentUUID": "481e237d-4e63-4ec7-8b3d-97e8beba26a3",
              "isHook": false,
              "skipped": false
            }
          ],
          "suites": [],
          "passes": [
            "3fe57a41-0166-4f6f-b127-c71747028c10",
            "9e08d0c0-39ec-44d2-8c1d-445a81aead8b",
            "41861eeb-523b-4837-b71b-970ac220f82b"
          ],
          "failures": [],
          "pending": [],
          "skipped": [],
          "duration": 219,
          "root": false,
          "rootEmpty": false,
          "_timeout": 2000
        },
        {
          "uuid": "9643a2d1-95dd-4bc4-9d91-b6dc1103f859",
          "title": "Handling broken link",
          "fullFile": "",
          "file": "",
          "beforeHooks": [],
          "afterHooks": [],
          "tests": [
            {
              "title": "Validate the broken link status message",
              "fullTitle": "Handling broken link Validate the broken link status message",
              "timedOut": null,
              "duration": 925,
              "state": "passed",
              "speed": "fast",
              "pass": true,
              "fail": false,
              "pending": false,
              "context": null,
              "code": "cy.get(\"strong > a\").then(a => {\n  cy.request(a.prop(\"href\")).its(\"status\").should(\"eq\", 200);\n});",
              "err": {},
              "uuid": "d4c3185f-bb9a-44cb-b07b-bee0bacba3c8",
              "parentUUID": "9643a2d1-95dd-4bc4-9d91-b6dc1103f859",
              "isHook": false,
              "skipped": false
            },
            {
              "title": "Validate the broken link web address",
              "fullTitle": "Handling broken link Validate the broken link web address",
              "timedOut": null,
              "duration": 47894,
              "state": "passed",
              "speed": "slow",
              "pass": true,
              "fail": false,
              "pending": false,
              "context": null,
              "code": "cy.get(\"strong > a\").invoke(\"removeAttr\", \"target\").click({\n  force: true\n});\ncy.url().should(\"include\", \"medianhconsulting\");\ncy.go(\"back\");",
              "err": {},
              "uuid": "9262c1f8-ae5c-4c9e-b446-6f764e4632a0",
              "parentUUID": "9643a2d1-95dd-4bc4-9d91-b6dc1103f859",
              "isHook": false,
              "skipped": false
            },
            {
              "title": "Validate the link attributes",
              "fullTitle": "Handling broken link Validate the link attributes",
              "timedOut": null,
              "duration": 57,
              "state": "passed",
              "speed": "fast",
              "pass": true,
              "fail": false,
              "pending": false,
              "context": null,
              "code": "cy.get(\"strong > a\").should(\"have.attr\", \"href\", \"http://www.medianhconsulting.com\").should(\"have.attr\", \"target\", \"_blank\");",
              "err": {},
              "uuid": "d2557870-bdd4-421e-8bc6-c7d2249be808",
              "parentUUID": "9643a2d1-95dd-4bc4-9d91-b6dc1103f859",
              "isHook": false,
              "skipped": false
            },
            {
              "title": "Check the status of all links on the page",
              "fullTitle": "Handling broken link Check the status of all links on the page",
              "timedOut": null,
              "duration": 8316,
              "state": "passed",
              "speed": "medium",
              "pass": true,
              "fail": false,
              "pending": false,
              "context": null,
              "code": "cy.get(\"a\").each(link => {\n  if (link.prop(\"href\")) cy.request({\n    url: link.prop(\"href\"),\n    failOnStatusCode: false\n  });\n  cy.log(link.prop(\"href\"));\n});",
              "err": {},
              "uuid": "7c5e420c-466f-4569-926c-aa60638c0989",
              "parentUUID": "9643a2d1-95dd-4bc4-9d91-b6dc1103f859",
              "isHook": false,
              "skipped": false
            },
            {
              "title": "Should check all links status with assertions",
              "fullTitle": "Handling broken link Should check all links status with assertions",
              "timedOut": null,
              "duration": 0,
              "state": "pending",
              "speed": null,
              "pass": false,
              "fail": false,
              "pending": false,
              "context": null,
              "code": "cy.get(\"a\").each($link => {\n  const href = $link.attr(\"href\"); // Ignore links without href or with anchor tags\n  if (href && !href.startsWith(\"#\")) {\n    // Make a request to the link with failOnStatusCode: false\n    cy.request({\n      url: href,\n      failOnStatusCode: false\n    }).then(response => {\n      // Assert the status code of the response\n      expect(response.status).to.be.oneOf([200, 301, 302, 400, 403, 404, 500]);\n    });\n  }\n});",
              "err": {},
              "uuid": "cae8ae02-8379-423d-a5f0-998774381a43",
              "parentUUID": "9643a2d1-95dd-4bc4-9d91-b6dc1103f859",
              "isHook": false,
              "skipped": true
            }
          ],
          "suites": [],
          "passes": [
            "d4c3185f-bb9a-44cb-b07b-bee0bacba3c8",
            "9262c1f8-ae5c-4c9e-b446-6f764e4632a0",
            "d2557870-bdd4-421e-8bc6-c7d2249be808",
            "7c5e420c-466f-4569-926c-aa60638c0989"
          ],
          "failures": [],
          "pending": [],
          "skipped": [
            "cae8ae02-8379-423d-a5f0-998774381a43"
          ],
          "duration": 57192,
          "root": false,
          "rootEmpty": false,
          "_timeout": 2000
        }
      ],
      "passes": [],
      "failures": [],
      "pending": [],
      "skipped": [],
      "duration": 0,
      "root": true,
      "rootEmpty": true,
      "_timeout": 2000
    },
    {
      "uuid": "2f21634f-8855-4c31-9332-6de719606ca1",
      "title": "",
      "fullFile": "cypress\\e2e\\tests\\max_solution_tasks.spec.js",
      "file": "cypress\\e2e\\tests\\max_solution_tasks.spec.js",
      "beforeHooks": [],
      "afterHooks": [],
      "tests": [],
      "suites": [
        {
          "uuid": "8d1168eb-bbad-4aa5-93f3-84b80e03b312",
          "title": "Navigate to the page from the title",
          "fullFile": "",
          "file": "",
          "beforeHooks": [],
          "afterHooks": [],
          "tests": [
            {
              "title": "Navigate to Rahul Shetty Academy Automation Practice Page",
              "fullTitle": "Navigate to the page from the title Navigate to Rahul Shetty Academy Automation Practice Page",
              "timedOut": null,
              "duration": 16199,
              "state": "passed",
              "speed": "slow",
              "pass": true,
              "fail": false,
              "pending": false,
              "context": null,
              "code": "cy.navigateTo_RahulShettyAcademy_AutomationPractice();\ncy.url().should(\"include\", \"/AutomationPractice\");\ncy.title().should(\"include\", \"Practice Page\");",
              "err": {},
              "uuid": "b79dd6ca-e7a5-4578-ae2a-5e2bd38d03c1",
              "parentUUID": "8d1168eb-bbad-4aa5-93f3-84b80e03b312",
              "isHook": false,
              "skipped": false
            },
            {
              "title": "Invalid Homepage address",
              "fullTitle": "Navigate to the page from the title Invalid Homepage address",
              "timedOut": null,
              "duration": 2722,
              "state": "passed",
              "speed": "fast",
              "pass": true,
              "fail": false,
              "pending": false,
              "context": null,
              "code": "const invalideWebAddress = \"AutomaaaationPracctice\";\ncy.visit(\"/\" + invalideWebAddress, {\n  failOnStatusCode: false\n});\ncy.get(\".ml-4\").contains(\"Not Found\");\ncy.navigateTo_RahulShettyAcademy_AutomationPractice();",
              "err": {},
              "uuid": "cdc88b47-54a3-4d75-bfd4-4b8d65a83f66",
              "parentUUID": "8d1168eb-bbad-4aa5-93f3-84b80e03b312",
              "isHook": false,
              "skipped": false
            }
          ],
          "suites": [],
          "passes": [
            "b79dd6ca-e7a5-4578-ae2a-5e2bd38d03c1",
            "cdc88b47-54a3-4d75-bfd4-4b8d65a83f66"
          ],
          "failures": [],
          "pending": [],
          "skipped": [],
          "duration": 18921,
          "root": false,
          "rootEmpty": false,
          "_timeout": 2000
        },
        {
          "uuid": "7ae7e7fd-297b-44b5-880d-40bee5d5dcba",
          "title": "Verify radio buttons",
          "fullFile": "",
          "file": "",
          "beforeHooks": [],
          "afterHooks": [],
          "tests": [
            {
              "title": "Select all radio buttons one by one",
              "fullTitle": "Verify radio buttons Select all radio buttons one by one",
              "timedOut": null,
              "duration": 390,
              "state": "passed",
              "speed": "fast",
              "pass": true,
              "fail": false,
              "pending": false,
              "context": null,
              "code": "cy.get('[class=\"radioButton\"]').each($radio => {\n  // Check and assert each radio button\n  cy.wrap($radio).check().should(\"be.checked\");\n});",
              "err": {},
              "uuid": "cfef974e-6bc6-48a9-bea6-f2c85df3c122",
              "parentUUID": "7ae7e7fd-297b-44b5-880d-40bee5d5dcba",
              "isHook": false,
              "skipped": false
            },
            {
              "title": "Successful selection of a specific radio button",
              "fullTitle": "Verify radio buttons Successful selection of a specific radio button",
              "timedOut": null,
              "duration": 135,
              "state": "passed",
              "speed": "fast",
              "pass": true,
              "fail": false,
              "pending": false,
              "context": null,
              "code": "cy.get(\"#radio-btn-example\").find(\"[value='radio1']\").check().should(\"be.checked\").and(\"have.value\", \"radio1\");\ncy.get(\"[value='radio2']\").should(\"not.be.checked\");\ncy.get(\"[value='radio3']\").should(\"not.be.checked\");",
              "err": {},
              "uuid": "3c2084d1-db5b-4c8f-9e0c-7e8a469aa708",
              "parentUUID": "7ae7e7fd-297b-44b5-880d-40bee5d5dcba",
              "isHook": false,
              "skipped": false
            },
            {
              "title": "Negative Scenario - Select multiple radio buttons in a group",
              "fullTitle": "Verify radio buttons Negative Scenario - Select multiple radio buttons in a group",
              "timedOut": null,
              "duration": 145,
              "state": "passed",
              "speed": "fast",
              "pass": true,
              "fail": false,
              "pending": false,
              "context": null,
              "code": "cy.get(\".radioButton\").check([\"radio1\", \"radio2\"]);\ncy.get(\"[value='radio1']\").should(\"not.be.checked\");\ncy.get(\"[value='radio2']\").should(\"be.checked\");",
              "err": {},
              "uuid": "4e00cb9a-7e50-417d-a328-4dd4742579c2",
              "parentUUID": "7ae7e7fd-297b-44b5-880d-40bee5d5dcba",
              "isHook": false,
              "skipped": false
            },
            {
              "title": "Negative Scenario - Select multiple radio buttons in a group - Different aproach ",
              "fullTitle": "Verify radio buttons Negative Scenario - Select multiple radio buttons in a group - Different aproach ",
              "timedOut": null,
              "duration": 225,
              "state": "passed",
              "speed": "fast",
              "pass": true,
              "fail": false,
              "pending": false,
              "context": null,
              "code": "cy.get(\"[value='radio1'\").check();\ncy.get(\"[value='radio2']\").check();\ncy.get(\".radioButton\").filter(\":checked\").should(\"have.length\", 1);",
              "err": {},
              "uuid": "adaa8e9d-7346-4d4b-97a7-05143777f117",
              "parentUUID": "7ae7e7fd-297b-44b5-880d-40bee5d5dcba",
              "isHook": false,
              "skipped": false
            },
            {
              "title": "Negative Scenario - Click on the label for the radio button to select it",
              "fullTitle": "Verify radio buttons Negative Scenario - Click on the label for the radio button to select it",
              "timedOut": null,
              "duration": 141,
              "state": "passed",
              "speed": "fast",
              "pass": true,
              "fail": false,
              "pending": false,
              "context": null,
              "code": "cy.get('[for=\"radio1\"]').click();\ncy.get(\"[value='radio1']\").should(\"not.be.checked\");",
              "err": {},
              "uuid": "11ef639f-da4c-49d4-bdc5-43ba777056ac",
              "parentUUID": "7ae7e7fd-297b-44b5-880d-40bee5d5dcba",
              "isHook": false,
              "skipped": false
            }
          ],
          "suites": [],
          "passes": [
            "cfef974e-6bc6-48a9-bea6-f2c85df3c122",
            "3c2084d1-db5b-4c8f-9e0c-7e8a469aa708",
            "4e00cb9a-7e50-417d-a328-4dd4742579c2",
            "adaa8e9d-7346-4d4b-97a7-05143777f117",
            "11ef639f-da4c-49d4-bdc5-43ba777056ac"
          ],
          "failures": [],
          "pending": [],
          "skipped": [],
          "duration": 1036,
          "root": false,
          "rootEmpty": false,
          "_timeout": 2000
        },
        {
          "uuid": "41b8bb5c-a015-449c-8a7f-cddc6cb98faf",
          "title": "Verify Suggestion Class Example",
          "fullFile": "",
          "file": "",
          "beforeHooks": [],
          "afterHooks": [],
          "tests": [
            {
              "title": "Select specific country",
              "fullTitle": "Verify Suggestion Class Example Select specific country",
              "timedOut": null,
              "duration": 486,
              "state": "passed",
              "speed": "fast",
              "pass": true,
              "fail": false,
              "pending": false,
              "context": null,
              "code": "cy.get(\"#autocomplete\").type(\"CA\");\ncy.get(\"#ui-id-1 > *\").each(($el, index, $list) => {\n  const country = $el.text();\n  const countryToSelect = \"Cameroon\";\n  if (country === countryToSelect) {\n    $el.click();\n  }\n  cy.get(\"#autocomplete\").should(\"have.value\", \"Cameroon\");\n});",
              "err": {},
              "uuid": "4be6ef35-007b-4e84-9af8-89033776405e",
              "parentUUID": "41b8bb5c-a015-449c-8a7f-cddc6cb98faf",
              "isHook": false,
              "skipped": false
            },
            {
              "title": "Negative Scenario - Case insensitivity",
              "fullTitle": "Verify Suggestion Class Example Negative Scenario - Case insensitivity",
              "timedOut": null,
              "duration": 490,
              "state": "passed",
              "speed": "fast",
              "pass": true,
              "fail": false,
              "pending": false,
              "context": null,
              "code": "cy.get(\"#autocomplete\").clear().type(\"CaMerO\").get(\"#ui-id-1 > *\").should(\"be.visible\");",
              "err": {},
              "uuid": "41343254-0563-4007-bb5e-5040bc99b6f0",
              "parentUUID": "41b8bb5c-a015-449c-8a7f-cddc6cb98faf",
              "isHook": false,
              "skipped": false
            },
            {
              "title": "Negative Scenario - Special Characters",
              "fullTitle": "Verify Suggestion Class Example Negative Scenario - Special Characters",
              "timedOut": null,
              "duration": 529,
              "state": "passed",
              "speed": "fast",
              "pass": true,
              "fail": false,
              "pending": false,
              "context": null,
              "code": "cy.get(\"#autocomplete\").clear().type(\"Bosnia &\").get(\"#ui-id-1 > *\").should(\"not.be.visible\");",
              "err": {},
              "uuid": "3e8454c4-dd92-4f79-9fd8-813caccd3243",
              "parentUUID": "41b8bb5c-a015-449c-8a7f-cddc6cb98faf",
              "isHook": false,
              "skipped": false
            },
            {
              "title": "Negative Scenario - Non matching input",
              "fullTitle": "Verify Suggestion Class Example Negative Scenario - Non matching input",
              "timedOut": null,
              "duration": 273,
              "state": "passed",
              "speed": "fast",
              "pass": true,
              "fail": false,
              "pending": false,
              "context": null,
              "code": "cy.get(\"#autocomplete\").clear().type(\"Cammerron\").get(\"#ui-id-1 > *\").should(\"not.be.visible\");",
              "err": {},
              "uuid": "3ea34565-037f-4c8a-a7d8-fb13198f260c",
              "parentUUID": "41b8bb5c-a015-449c-8a7f-cddc6cb98faf",
              "isHook": false,
              "skipped": false
            }
          ],
          "suites": [],
          "passes": [
[...]
              "parentUUID": "680f48ad-dd68-4319-a3ff-03f064580ecc",
              "isHook": false,
              "skipped": false
            },
            {
              "title": "Negative Scenario - Select empty field",
              "fullTitle": "Verify dropdown menu Negative Scenario - Select empty field",
              "timedOut": null,
              "duration": 170,
              "state": "passed",
              "speed": "fast",
              "pass": true,
              "fail": false,
              "pending": false,
              "context": null,
              "code": "cy.get(\"#dropdown-class-example\").select(\"\");\ncy.get(\"#dropdown-class-example\").should(\"have.value\", \"\");",
              "err": {},
              "uuid": "74a2b518-978b-4e44-a2e6-8dcaa28a90f9",
              "parentUUID": "680f48ad-dd68-4319-a3ff-03f064580ecc",
              "isHook": false,
              "skipped": false
            }
          ],
          "suites": [],
          "passes": [
            "113f208c-0a18-4636-a443-939a6e4cdda1",
            "070e377e-46fa-420f-a7df-6bc1dab195a9",
            "74a2b518-978b-4e44-a2e6-8dcaa28a90f9"
          ],
          "failures": [],
          "pending": [],
          "skipped": [],
          "duration": 1131,
          "root": false,
          "rootEmpty": false,
          "_timeout": 2000
        },
        {
          "uuid": "e9ecf4ac-3d89-44a8-9a7d-f931146f207c",
          "title": "Verify Checkbox",
          "fullFile": "",
          "file": "",
          "beforeHooks": [],
          "afterHooks": [],
          "tests": [
            {
              "title": "Select all checkboxes",
              "fullTitle": "Verify Checkbox Select all checkboxes",
              "timedOut": null,
              "duration": 307,
              "state": "passed",
              "speed": "fast",
              "pass": true,
              "fail": false,
              "pending": false,
              "context": null,
              "code": "cy.get('[type=\"checkbox\"]').each($checkbox => {\n  cy.wrap($checkbox).check().should(\"be.checked\");\n});",
              "err": {},
              "uuid": "e87a02a8-3ac2-4924-ab9f-8207d7f815ca",
              "parentUUID": "e9ecf4ac-3d89-44a8-9a7d-f931146f207c",
              "isHook": false,
              "skipped": false
            },
            {
              "title": "Negative Scenario - Click on the label of the checkbox button to uncheck it",
              "fullTitle": "Verify Checkbox Negative Scenario - Click on the label of the checkbox button to uncheck it",
              "timedOut": null,
              "duration": 114,
              "state": "passed",
              "speed": "fast",
              "pass": true,
              "fail": false,
              "pending": false,
              "context": null,
              "code": "cy.get('[for=\"bmw\"]').click();\ncy.get(\"#checkBoxOption1\").should(\"be.checked\");",
              "err": {},
              "uuid": "2377681a-b4a6-4100-96b3-4dc2fde8538a",
              "parentUUID": "e9ecf4ac-3d89-44a8-9a7d-f931146f207c",
              "isHook": false,
              "skipped": false
            }
          ],
          "suites": [],
          "passes": [
            "e87a02a8-3ac2-4924-ab9f-8207d7f815ca",
            "2377681a-b4a6-4100-96b3-4dc2fde8538a"
          ],
          "failures": [],
          "pending": [],
          "skipped": [],
          "duration": 421,
          "root": false,
          "rootEmpty": false,
          "_timeout": 2000
        },
        {
          "uuid": "6055b6e6-88e1-47d8-a23a-a15e7c7641c7",
          "title": "Verify Alert Example",
          "fullFile": "",
          "file": "",
          "beforeHooks": [],
          "afterHooks": [],
          "tests": [
            {
              "title": "Validate that alert box works correctly when clicking ok",
              "fullTitle": "Verify Alert Example Validate that alert box works correctly when clicking ok",
              "timedOut": null,
              "duration": 475,
              "state": "passed",
              "speed": "fast",
              "pass": true,
              "fail": false,
              "pending": false,
              "context": null,
              "code": "cy.get(\"#name\").type(\"Veselin Micunovic\");\ncy.get(\"#confirmbtn\").click();\ncy.on(\"window:alert\", str => {\n  expect(str).to.equal(\"Hello Veselin Micunovic, Are you sure you want to confirm?\");\n  return true;\n});",
              "err": {},
              "uuid": "45c207a1-0221-4630-ae08-1208e1e7698d",
              "parentUUID": "6055b6e6-88e1-47d8-a23a-a15e7c7641c7",
              "isHook": false,
              "skipped": false
            },
            {
              "title": "Validate js confirm alert box using a stub",
              "fullTitle": "Verify Alert Example Validate js confirm alert box using a stub",
              "timedOut": null,
              "duration": 475,
              "state": "passed",
              "speed": "fast",
              "pass": true,
              "fail": false,
              "pending": false,
              "context": null,
              "code": "const stub = cy.stub();\ncy.on(\"window:confirm\", stub);\ncy.get(\"#name\").type(\"Veselin Micunovic\");\ncy.get(\"#confirmbtn\").click().then(() => {\n  expect(stub.getCall(0)).to.be.calledWith(\"Hello Veselin Micunovic, Are you sure you want to confirm?\");\n}).then(() => {\n  return false;\n});",
              "err": {},
              "uuid": "5cfc671c-4832-4fd5-9b55-99021b23a258",
              "parentUUID": "6055b6e6-88e1-47d8-a23a-a15e7c7641c7",
              "isHook": false,
              "skipped": false
            }
          ],
          "suites": [],
          "passes": [
            "45c207a1-0221-4630-ae08-1208e1e7698d",
            "5cfc671c-4832-4fd5-9b55-99021b23a258"
          ],
          "failures": [],
          "pending": [],
          "skipped": [],
          "duration": 950,
          "root": false,
          "rootEmpty": false,
          "_timeout": 2000
        },
        {
          "uuid": "b947e436-9229-4ce1-9505-9d7a836a7595",
          "title": "Handling visible and invisible elements",
          "fullFile": "",
          "file": "",
          "beforeHooks": [],
          "afterHooks": [],
          "tests": [
            {
              "title": "Validate that visible and invisible elements works properly",
              "fullTitle": "Handling visible and invisible elements Validate that visible and invisible elements works properly",
              "timedOut": null,
              "duration": 210,
              "state": "passed",
              "speed": "fast",
              "pass": true,
              "fail": false,
              "pending": false,
              "context": null,
              "code": "cy.get(\"#displayed-text\").should(\"be.visible\");\ncy.get(\"#hide-textbox\").click();\ncy.get(\"#displayed-text\").should(\"not.be.visible\");\ncy.get(\"#show-textbox\").click();\ncy.get(\"#displayed-text\").should(\"be.visible\");",
              "err": {},
              "uuid": "50313ef6-c9fe-49ae-808e-d4d94632e396",
              "parentUUID": "b947e436-9229-4ce1-9505-9d7a836a7595",
              "isHook": false,
              "skipped": false
            }
          ],
          "suites": [],
          "passes": [
            "50313ef6-c9fe-49ae-808e-d4d94632e396"
          ],
          "failures": [],
          "pending": [],
          "skipped": [],
          "duration": 210,
          "root": false,
          "rootEmpty": false,
          "_timeout": 2000
        },
        {
          "uuid": "1f508cfd-875e-49e2-81e6-18917d63b040",
          "title": "Handling Mouse hover",
          "fullFile": "",
          "file": "",
          "beforeHooks": [],
          "afterHooks": [],
          "tests": [
            {
              "title": "Validate the mouse hover over 'Top' button",
              "fullTitle": "Handling Mouse hover Validate the mouse hover over 'Top' button",
              "timedOut": null,
              "duration": 130,
              "state": "passed",
              "speed": "fast",
              "pass": true,
              "fail": false,
              "pending": false,
              "context": null,
              "code": "cy.get(\".mouse-hover-content\").invoke(\"show\");\ncy.contains(\"Top\").click();\ncy.url().should(\"include\", \"top\");",
              "err": {},
              "uuid": "92ba495f-770b-4956-8807-44e3e1d67e01",
              "parentUUID": "1f508cfd-875e-49e2-81e6-18917d63b040",
              "isHook": false,
              "skipped": false
            },
            {
              "title": "Validate the mouse hover over 'Reload' button",
              "fullTitle": "Handling Mouse hover Validate the mouse hover over 'Reload' button",
              "timedOut": null,
              "duration": 4232,
              "state": "passed",
              "speed": "fast",
              "pass": true,
              "fail": false,
              "pending": false,
              "context": null,
              "code": "cy.get(\".mouse-hover-content\").invoke(\"show\");\ncy.contains(\"Reload\").click();\ncy.url().should(\"not.include\", \"top\");",
              "err": {},
              "uuid": "51d7b5bd-2d92-4f56-b0b6-02c3e12ddac3",
              "parentUUID": "1f508cfd-875e-49e2-81e6-18917d63b040",
              "isHook": false,
              "skipped": false
            }
          ],
          "suites": [],
          "passes": [
            "92ba495f-770b-4956-8807-44e3e1d67e01",
            "51d7b5bd-2d92-4f56-b0b6-02c3e12ddac3"
          ],
          "failures": [],
          "pending": [],
          "skipped": [],
          "duration": 4362,
          "root": false,
          "rootEmpty": false,
          "_timeout": 2000
        },
        {
          "uuid": "fe192960-8458-4bb6-8828-128498abd086",
          "title": "Handling data in Web Table",
          "fullFile": "",
          "file": "",
          "beforeHooks": [],
          "afterHooks": [],
          "tests": [
            {
              "title": "Verifing that the WebServices/REST API Testing with SoapUI course has a price of 35",
              "fullTitle": "Handling data in Web Table Verifing that the WebServices/REST API Testing with SoapUI course has a price of 35",
              "timedOut": null,
              "duration": 103,
              "state": "passed",
              "speed": "fast",
              "pass": true,
              "fail": false,
              "pending": false,
              "context": null,
              "code": "cy.get(\"tr td:nth-child(2)\").each(($e1, index, $list) => {\n  const text = $e1.text();\n  if (text.includes(\"REST API\")) {\n    cy.get(\"tr td:nth-child(2)\").eq(index).next().then(function (price) {\n      const priceText = price.text();\n      expect(priceText).to.equal(\"35\");\n    });\n  }\n});",
              "err": {},
              "uuid": "2e45f15e-3301-4549-ad83-7e9bc5f52522",
              "parentUUID": "fe192960-8458-4bb6-8828-128498abd086",
              "isHook": false,
              "skipped": false
            },
            {
              "title": "Calculate and assert the total price of all courses",
              "fullTitle": "Handling data in Web Table Calculate and assert the total price of all courses",
              "timedOut": null,
              "duration": 49,
              "state": "passed",
              "speed": "fast",
              "pass": true,
              "fail": false,
              "pending": false,
              "context": null,
              "code": "var courseDetails = [];\nlet price = 0;\ncy.get('[name=\"courses\"] td').each(($el, index, $list) => {\n  courseDetails[index] = $el.text();\n}).then(() => {\n  for (var i = 0; i < courseDetails.length; i++) {\n    if (Number(courseDetails[i])) {\n      //only consider String's which contain integers\n      price += Number(courseDetails[i]); //add numbers to let variable\n    }\n  }\n  cy.log(\"Found total price: \" + price);\n  expect(price).to.eq(235); //calculate totals and perform assertion...\n});",
              "err": {},
              "uuid": "e108ceb8-1466-496d-b3be-2460aec3dde6",
              "parentUUID": "fe192960-8458-4bb6-8828-128498abd086",
              "isHook": false,
              "skipped": false
            },
            {
              "title": "Calculate and assert the total price of all odd numbers",
              "fullTitle": "Handling data in Web Table Calculate and assert the total price of all odd numbers",
              "timedOut": null,
              "duration": 46,
              "state": "passed",
              "speed": "fast",
              "pass": true,
              "fail": false,
              "pending": false,
              "context": null,
              "code": "var courseDetails = [];\nlet price = 0;\ncy.get('[name=\"courses\"] td').each(($el, index, $list) => {\n  courseDetails[index] = $el.text();\n}).then(() => {\n  for (var i = 0; i < courseDetails.length; i++) {\n    if (Number(courseDetails[i]) % 2 == 1) {\n      //only consider String's which contain integers\n      price += Number(courseDetails[i]); //add numbers to let variable\n    }\n  }\n  cy.log(\"Found total price: \" + price);\n  expect(price).to.eq(135); //calculate totals and perform assertion...\n});",
              "err": {},
              "uuid": "e9a02222-c3a7-4a12-903e-3c1c499198a6",
              "parentUUID": "fe192960-8458-4bb6-8828-128498abd086",
              "isHook": false,
              "skipped": false
            }
          ],
          "suites": [],
          "passes": [
            "2e45f15e-3301-4549-ad83-7e9bc5f52522",
            "e108ceb8-1466-496d-b3be-2460aec3dde6",
            "e9a02222-c3a7-4a12-903e-3c1c499198a6"
          ],
          "failures": [],
          "pending": [],
          "skipped": [],
          "duration": 198,
          "root": false,
          "rootEmpty": false,
          "_timeout": 2000
        },
        {
          "uuid": "e67ac4f2-5080-4742-a750-f93272b239f7",
          "title": "Handling broken link",
          "fullFile": "",
          "file": "",
          "beforeHooks": [],
          "afterHooks": [],
          "tests": [
            {
              "title": "Validate the broken link status message",
              "fullTitle": "Handling broken link Validate the broken link status message",
              "timedOut": null,
              "duration": 2283,
              "state": "passed",
              "speed": "fast",
              "pass": true,
              "fail": false,
              "pending": false,
              "context": null,
              "code": "cy.get(\"strong > a\").then(a => {\n  cy.request(a.prop(\"href\")).its(\"status\").should(\"eq\", 200);\n});",
              "err": {},
              "uuid": "c08625de-bdbe-4410-9d48-6ba4fac0d1e2",
              "parentUUID": "e67ac4f2-5080-4742-a750-f93272b239f7",
              "isHook": false,
              "skipped": false
            },
            {
              "title": "Validate the broken link",
              "fullTitle": "Handling broken link Validate the broken link",
              "timedOut": null,
              "duration": 50320,
              "state": "passed",
              "speed": "slow",
              "pass": true,
              "fail": false,
              "pending": false,
              "context": null,
              "code": "cy.get(\"strong > a\").invoke(\"removeAttr\", \"target\").click({\n  force: true\n});\ncy.url().should(\"include\", \"medianhconsulting\");\ncy.go(\"back\");",
              "err": {},
              "uuid": "54436f64-3de4-4b75-b5ed-831c35038084",
              "parentUUID": "e67ac4f2-5080-4742-a750-f93272b239f7",
              "isHook": false,
              "skipped": false
            },
            {
              "title": "Validate the link attributes",
              "fullTitle": "Handling broken link Validate the link attributes",
              "timedOut": null,
              "duration": 66,
              "state": "passed",
              "speed": "fast",
              "pass": true,
              "fail": false,
              "pending": false,
              "context": null,
              "code": "cy.get(\"strong > a\").should(\"have.attr\", \"href\", \"http://www.medianhconsulting.com\").should(\"have.attr\", \"target\", \"_blank\");",
              "err": {},
              "uuid": "fa0945c0-25d1-4084-a872-b9ce5771e60a",
              "parentUUID": "e67ac4f2-5080-4742-a750-f93272b239f7",
              "isHook": false,
              "skipped": false
            },
            {
              "title": "Check the status of all links on the page",
              "fullTitle": "Handling broken link Check the status of all links on the page",
              "timedOut": null,
              "duration": 8765,
              "state": "passed",
              "speed": "medium",
              "pass": true,
              "fail": false,
              "pending": false,
              "context": null,
              "code": "cy.get(\"a\").each(link => {\n  if (link.prop(\"href\")) cy.request({\n    url: link.prop(\"href\"),\n    failOnStatusCode: false\n  });\n  cy.log(link.prop(\"href\"));\n});",
              "err": {},
              "uuid": "18d1f3d7-cdc7-4534-bbe0-91115792d7ab",
              "parentUUID": "e67ac4f2-5080-4742-a750-f93272b239f7",
              "isHook": false,
              "skipped": false
            },
            {
              "title": "Should check all links status with assertions",
              "fullTitle": "Handling broken link Should check all links status with assertions",
              "timedOut": null,
              "duration": 0,
              "state": "pending",
              "speed": null,
              "pass": false,
              "fail": false,
              "pending": false,
              "context": null,
              "code": "cy.get(\"a\").each($link => {\n  const href = $link.attr(\"href\"); // Ignore links without href or with anchor tags\n  if (href && !href.startsWith(\"#\")) {\n    // Make a request to the link with failOnStatusCode: false\n    cy.request({\n      url: href,\n      failOnStatusCode: false\n    }).then(response => {\n      // Assert the status code of the response\n      expect(response.status).to.be.oneOf([200, 301, 302, 403, 404]);\n    });\n  }\n});",
              "err": {},
              "uuid": "ebc060c3-4727-41ae-a70e-980d748091a5",
              "parentUUID": "e67ac4f2-5080-4742-a750-f93272b239f7",
              "isHook": false,
              "skipped": true
            }
          ],
          "suites": [],
          "passes": [
            "c08625de-bdbe-4410-9d48-6ba4fac0d1e2",
            "54436f64-3de4-4b75-b5ed-831c35038084",
            "fa0945c0-25d1-4084-a872-b9ce5771e60a",
            "18d1f3d7-cdc7-4534-bbe0-91115792d7ab"
          ],
          "failures": [],
          "pending": [],
          "skipped": [
            "ebc060c3-4727-41ae-a70e-980d748091a5"
          ],
          "duration": 61434,
          "root": false,
          "rootEmpty": false,
          "_timeout": 2000
        }
      ],
      "passes": [],
      "failures": [],
      "pending": [],
      "skipped": [],
      "duration": 0,
      "root": true,
      "rootEmpty": true,
      "_timeout": 2000
    }
  ],
  "meta": {
    "mocha": {
      "version": "7.0.1"
    },
    "mochawesome": {
      "options": {
        "quiet": false,
        "reportFilename": "mochawesome",
        "saveHtml": false,
        "saveJson": true,
        "consoleReporter": "spec",
        "useInlineDiffs": false,
        "code": true
      },
      "version": "7.1.3"
    },
    "marge": {
      "options": {
        "id": "default",
        "reportDir": "cypress/results/mochawesome",
        "quite": true,
        "overwrite": false,
        "html": false,
        "json": true
      },
      "version": "6.2.0"
    }
  }
}